<?xml version="1.0" encoding="UTF-8"?>
<!-- Generated by org.testng.reporters.JUnitReportReporter -->
<testsuite hostname="DESKTOP-GNQEVI1" failures="0" tests="3" name="testScriptsNG.LoginTest" time="52.747" errors="0" timestamp="2023-05-11T13:10:20 IST" skipped="0">
  <testcase classname="testScriptsNG.LoginTest" name="validLogin" time="22.216"/>
  <system-out/>
  <testcase classname="testScriptsNG.LoginTest" name="validLogin" time="14.716"/>
  <system-out/>
  <testcase classname="testScriptsNG.LoginTest" name="validLogin" time="15.815"/>
  <system-out/>
</testsuite> <!-- testScriptsNG.LoginTest -->
